1618531279132	geckodriver	INFO	Listening on 127.0.0.1:45293
1618531279134	mozrunner::runner	INFO	Running command: "/usr/bin/firefox" "--marionette" "-foreground" "-no-remote" "-profile" "/tmp/rust_mozprofile2zS32B"
console.warn: SearchSettings: "get: No settings file exists, new profile?" (new Error("", "(unknown module)"))
1618531280601	Marionette	INFO	Listening on port 40919
1618531280646	Marionette	WARN	TLS certificate errors will be ignored for this session
1618531284934	Marionette	WARN	Ignoring event 'DOMContentLoaded' because document has an invalid readyState of 'complete'.
JavaScript error: https://ekursy.put.poznan.pl/lib/javascript.php/1618376149/lib/requirejs/require.min.js, line 5: Error: No define call for theme_boost/tooltip
http://requirejs.org/docs/errors.html#nodefine
JavaScript error: https://ekursy.put.poznan.pl/lib/javascript.php/1618376149/lib/requirejs/require.min.js, line 5: Error: No define call for theme_boost/tooltip
http://requirejs.org/docs/errors.html#nodefine
JavaScript error: https://ekursy.put.poznan.pl/lib/javascript.php/1618376149/lib/requirejs/require.min.js, line 5: Error: No define call for theme_boost/tooltip
http://requirejs.org/docs/errors.html#nodefine
1618531320622	Marionette	INFO	Stopped listening on port 40919
1618531474666	geckodriver	INFO	Listening on 127.0.0.1:38239
1618531474669	mozrunner::runner	INFO	Running command: "/usr/bin/firefox" "--marionette" "-foreground" "-no-remote" "-profile" "/tmp/rust_mozprofileQj8rpo"
console.warn: SearchSettings: "get: No settings file exists, new profile?" (new Error("", "(unknown module)"))
1618531476221	Marionette	INFO	Listening on port 38997
1618531476280	Marionette	WARN	TLS certificate errors will be ignored for this session
1618531480498	Marionette	WARN	Ignoring event 'DOMContentLoaded' because document has an invalid readyState of 'complete'.
JavaScript error: https://ekursy.put.poznan.pl/lib/javascript.php/1618376149/lib/requirejs/require.min.js, line 5: Error: No define call for theme_boost/tooltip
http://requirejs.org/docs/errors.html#nodefine
JavaScript error: https://ekursy.put.poznan.pl/lib/javascript.php/1618376149/lib/requirejs/require.min.js, line 5: Error: No define call for theme_boost/tooltip
http://requirejs.org/docs/errors.html#nodefine
JavaScript error: https://ekursy.put.poznan.pl/lib/javascript.php/1618376149/lib/requirejs/require.min.js, line 5: Error: No define call for theme_boost/tooltip
http://requirejs.org/docs/errors.html#nodefine
1618531577293	Marionette	INFO	Stopped listening on port 38997
